<?xml version="1.0" encoding="UTF-8"?>
<testsuite name="il.ac.technion.cs.softwaredesign.CourseAppTest" tests="103" skipped="0" failures="0" errors="0" timestamp="2019-06-03T14:01:23" hostname="alexs-mbp.cs.technion.ac.il" time="8.763">
  <properties/>
  <testcase name="an authentication token is invalidated after logout()" classname="il.ac.technion.cs.softwaredesign.CourseAppTest" time="0.021"/>
  <testcase name="log in user twice should throw exception()" classname="il.ac.technion.cs.softwaredesign.CourseAppTest" time="0.003"/>
  <testcase name="try to make operator of user that is not a member of this channel()" classname="il.ac.technion.cs.softwaredesign.CourseAppTest" time="0.009"/>
  <testcase name="add up to 512 users to the channel()" classname="il.ac.technion.cs.softwaredesign.CourseAppTest" time="0.374"/>
  <testcase name="isUserInChannel throws UserNotAuthorizedException for non-member and non-administrator user()" classname="il.ac.technion.cs.softwaredesign.CourseAppTest" time="0.004"/>
  <testcase name="try to make operator of user that is not in the system()" classname="il.ac.technion.cs.softwaredesign.CourseAppTest" time="0.001"/>
  <testcase name="login very long username and password()" classname="il.ac.technion.cs.softwaredesign.CourseAppTest" time="0.045"/>
  <testcase name="makeAdministrator gets invalid token throws InvalidTokenException()" classname="il.ac.technion.cs.softwaredesign.CourseAppTest" time="0.003"/>
  <testcase name="token is illegal at is isUserLoggedin()" classname="il.ac.technion.cs.softwaredesign.CourseAppTest" time="0.001"/>
  <testcase name="regular member leaves channel()" classname="il.ac.technion.cs.softwaredesign.CourseAppTest" time="0.002"/>
  <testcase name="get number of total users in channel by admin that is not part of the channel()" classname="il.ac.technion.cs.softwaredesign.CourseAppTest" time="0.003"/>
  <testcase name="try to kick from a channel that is not exists()" classname="il.ac.technion.cs.softwaredesign.CourseAppTest" time="0.001"/>
  <testcase name="operator kick himself from the channel()" classname="il.ac.technion.cs.softwaredesign.CourseAppTest" time="0.001"/>
  <testcase name="login and logout user()" classname="il.ac.technion.cs.softwaredesign.CourseAppTest" time="0.0"/>
  <testcase name="try to kick user with illegal token(admin)()" classname="il.ac.technion.cs.softwaredesign.CourseAppTest" time="0.001"/>
  <testcase name="make random number of administrator in the system()" classname="il.ac.technion.cs.softwaredesign.CourseAppTest" time="0.006"/>
  <testcase name="leave channel with illegal token(existing channel)()" classname="il.ac.technion.cs.softwaredesign.CourseAppTest" time="0.001"/>
  <testcase name="kick another operator from channel()" classname="il.ac.technion.cs.softwaredesign.CourseAppTest" time="0.0"/>
  <testcase name="try to kick user that was a member of the channel()" classname="il.ac.technion.cs.softwaredesign.CourseAppTest" time="0.001"/>
  <testcase name="user never been in the system isUserLoggedIn returns null()" classname="il.ac.technion.cs.softwaredesign.CourseAppTest" time="0.002"/>
  <testcase name="try to make operator with illegal token(not of admin or operator)()" classname="il.ac.technion.cs.softwaredesign.CourseAppTest" time="0.001"/>
  <testcase name="password is valid()" classname="il.ac.technion.cs.softwaredesign.CourseAppTest" time="0.0"/>
  <testcase name="first user in the channel is a Operator()" classname="il.ac.technion.cs.softwaredesign.CourseAppTest" time="0.0"/>
  <testcase name="try to kick user with illegal token(regular)()" classname="il.ac.technion.cs.softwaredesign.CourseAppTest" time="0.001"/>
  <testcase name="get number of active users in channel by admin that is not part of the channel()" classname="il.ac.technion.cs.softwaredesign.CourseAppTest" time="0.002"/>
  <testcase name="operator title is still valid after relogging()" classname="il.ac.technion.cs.softwaredesign.CourseAppTest" time="0.001"/>
  <testcase name="admin makes himself as operator in the channel()" classname="il.ac.technion.cs.softwaredesign.CourseAppTest" time="0.001"/>
  <testcase name="try to kick non member user()" classname="il.ac.technion.cs.softwaredesign.CourseAppTest" time="0.002"/>
  <testcase name="try to get total of active users with channel that was deleted()" classname="il.ac.technion.cs.softwaredesign.CourseAppTest" time="0.002"/>
  <testcase name="leave channel with valid token but the channel does not exist()" classname="il.ac.technion.cs.softwaredesign.CourseAppTest" time="0.002"/>
  <testcase name="try to kick user with illegal token(not operator)()" classname="il.ac.technion.cs.softwaredesign.CourseAppTest" time="0.002"/>
  <testcase name="operator title is removed after leaving the channel()" classname="il.ac.technion.cs.softwaredesign.CourseAppTest" time="0.001"/>
  <testcase name="make administrator of logged out user()" classname="il.ac.technion.cs.softwaredesign.CourseAppTest" time="0.0"/>
  <testcase name="try to kick from a deleted channel that is not exists()" classname="il.ac.technion.cs.softwaredesign.CourseAppTest" time="0.001"/>
  <testcase name="try to make operator of admin that is not a member of this channel()" classname="il.ac.technion.cs.softwaredesign.CourseAppTest" time="0.0"/>
  <testcase name="try to make operator with with channel that not exits(never been)()" classname="il.ac.technion.cs.softwaredesign.CourseAppTest" time="0.001"/>
  <testcase name="password is invalid()" classname="il.ac.technion.cs.softwaredesign.CourseAppTest" time="0.002"/>
  <testcase name="try to get number of active users with token that is not a member of the channel and not admin()" classname="il.ac.technion.cs.softwaredesign.CourseAppTest" time="0.001"/>
  <testcase name="create channel with illegal name()" classname="il.ac.technion.cs.softwaredesign.CourseAppTest" time="0.003"/>
  <testcase name="last user(operator) leaves the channel()" classname="il.ac.technion.cs.softwaredesign.CourseAppTest" time="0.001"/>
  <testcase name="make random number of channels()" classname="il.ac.technion.cs.softwaredesign.CourseAppTest" time="0.007"/>
  <testcase name="an authentication token is invalidated after logout, stays that way after reboot()" classname="il.ac.technion.cs.softwaredesign.CourseAppTest" time="0.002"/>
  <testcase name="makeAdministrator gets token that is not associated to administrator()" classname="il.ac.technion.cs.softwaredesign.CourseAppTest" time="0.0"/>
  <testcase name="isUserInChannel returns true for one user in channel()" classname="il.ac.technion.cs.softwaredesign.CourseAppTest" time="0.001"/>
  <testcase name="try to get number of active users with illegal token()" classname="il.ac.technion.cs.softwaredesign.CourseAppTest" time="0.001"/>
  <testcase name="last user(administrator) leaves the channel()" classname="il.ac.technion.cs.softwaredesign.CourseAppTest" time="0.001"/>
  <testcase name="makeAdministrator makes administrator, an admin again()" classname="il.ac.technion.cs.softwaredesign.CourseAppTest" time="0.002"/>
  <testcase name="registered user log in with another logged in user s password should throw exception()" classname="il.ac.technion.cs.softwaredesign.CourseAppTest" time="0.002"/>
  <testcase name="leave channel with illegal token(not existing channel)()" classname="il.ac.technion.cs.softwaredesign.CourseAppTest" time="0.001"/>
  <testcase name="operator leave the channel()" classname="il.ac.technion.cs.softwaredesign.CourseAppTest" time="0.001"/>
  <testcase name="corrupted(prefix &amp; suffix) token pass over()" classname="il.ac.technion.cs.softwaredesign.CourseAppTest" time="0.002"/>
  <testcase name="isUserInChannel return false if user exists and not in channel ()" classname="il.ac.technion.cs.softwaredesign.CourseAppTest" time="0.002"/>
  <testcase name="log out a none exist user ()" classname="il.ac.technion.cs.softwaredesign.CourseAppTest" time="0.002"/>
  <testcase name=" channel does not contains operators()" classname="il.ac.technion.cs.softwaredesign.CourseAppTest" time="0.001"/>
  <testcase name="makeAdministrator gets invalid user()" classname="il.ac.technion.cs.softwaredesign.CourseAppTest" time="0.0"/>
  <testcase name="isUserInChannel throws InvalidTokenException for non-existent token()" classname="il.ac.technion.cs.softwaredesign.CourseAppTest" time="0.002"/>
  <testcase name="get number of active users in channel by user in the channel()" classname="il.ac.technion.cs.softwaredesign.CourseAppTest" time="0.003"/>
  <testcase name="check if user is logged in()" classname="il.ac.technion.cs.softwaredesign.CourseAppTest" time="0.001"/>
  <testcase name="isUserInChannel return null if user not exist ()" classname="il.ac.technion.cs.softwaredesign.CourseAppTest" time="0.001"/>
  <testcase name="try to get total of active users with channel that is not exits()" classname="il.ac.technion.cs.softwaredesign.CourseAppTest" time="0.001"/>
  <testcase name="Unregistered user returns null upon isUserLogIn check()" classname="il.ac.technion.cs.softwaredesign.CourseAppTest" time="0.0"/>
  <testcase name="try to get total of active users with token that is not a member of the channel and not admin()" classname="il.ac.technion.cs.softwaredesign.CourseAppTest" time="0.001"/>
  <testcase name="operator makes himself as an operator at the same channel()" classname="il.ac.technion.cs.softwaredesign.CourseAppTest" time="0.001"/>
  <testcase name="kick user from channel()" classname="il.ac.technion.cs.softwaredesign.CourseAppTest" time="0.001"/>
  <testcase name="kick another operator that is admin(as well) from channel()" classname="il.ac.technion.cs.softwaredesign.CourseAppTest" time="0.001"/>
  <testcase name="invalid token(not associated to no one) tries to join to channel()" classname="il.ac.technion.cs.softwaredesign.CourseAppTest" time="0.001"/>
  <testcase name="try to get number of active users with channel that is not exits()" classname="il.ac.technion.cs.softwaredesign.CourseAppTest" time="0.001"/>
  <testcase name="registered user log in with another registered not logged in user s password should throw exception()" classname="il.ac.technion.cs.softwaredesign.CourseAppTest" time="0.002"/>
  <testcase name="try to make operator with with channel that not exits(was deleted)()" classname="il.ac.technion.cs.softwaredesign.CourseAppTest" time="0.001"/>
  <testcase name="registered user log in with wrong password should throw exception()" classname="il.ac.technion.cs.softwaredesign.CourseAppTest" time="0.002"/>
  <testcase name="token is illegal at logout()" classname="il.ac.technion.cs.softwaredesign.CourseAppTest" time="0.001"/>
  <testcase name="token is invalid after logout()" classname="il.ac.technion.cs.softwaredesign.CourseAppTest" time="0.001"/>
  <testcase name="administrator retain their status after system reboot()" classname="il.ac.technion.cs.softwaredesign.CourseAppTest" time="0.001"/>
  <testcase name="isUserInChannel return true if user exists and in channel()" classname="il.ac.technion.cs.softwaredesign.CourseAppTest" time="0.001"/>
  <testcase name="administrator retain their status after relogging()" classname="il.ac.technion.cs.softwaredesign.CourseAppTest" time="0.0"/>
  <testcase name="enable to login same user after reboot()" classname="il.ac.technion.cs.softwaredesign.CourseAppTest" time="0.001"/>
  <testcase name="user log in then log out isUserLoggedIn returns False()" classname="il.ac.technion.cs.softwaredesign.CourseAppTest" time="0.004"/>
  <testcase name="try to get total of active users with illegal token()" classname="il.ac.technion.cs.softwaredesign.CourseAppTest" time="0.0"/>
  <testcase name="trying to join to channel that was deleted()" classname="il.ac.technion.cs.softwaredesign.CourseAppTest" time="0.001"/>
  <testcase name="administrator that is not an operator of this channel leaves the channel()" classname="il.ac.technion.cs.softwaredesign.CourseAppTest" time="0.002"/>
  <testcase name="try to get number of active users with channel that was deleted()" classname="il.ac.technion.cs.softwaredesign.CourseAppTest" time="0.001"/>
  <testcase name="log in user twice and other users log in between should throw exception()" classname="il.ac.technion.cs.softwaredesign.CourseAppTest" time="0.002"/>
  <testcase name="joining user to 128 channels()" classname="il.ac.technion.cs.softwaredesign.CourseAppTest" time="1.76"/>
  <testcase name="first user in the system becomes administrator automatically()" classname="il.ac.technion.cs.softwaredesign.CourseAppTest" time="0.001"/>
  <testcase name="kick administrator from channel()" classname="il.ac.technion.cs.softwaredesign.CourseAppTest" time="0.001"/>
  <testcase name="selected amount of users are logged in at once - stress time test()" classname="il.ac.technion.cs.softwaredesign.CourseAppTest" time="6.053"/>
  <testcase name="create channel()" classname="il.ac.technion.cs.softwaredesign.CourseAppTest" time="0.0"/>
  <testcase name="user stays logged in after reboot, assumes his token stays active()" classname="il.ac.technion.cs.softwaredesign.CourseAppTest" time="0.002"/>
  <testcase name="try to make operator with illegal token(regular)()" classname="il.ac.technion.cs.softwaredesign.CourseAppTest" time="0.003"/>
  <testcase name="get number of active users in channel with zero active users()" classname="il.ac.technion.cs.softwaredesign.CourseAppTest" time="0.002"/>
  <testcase name="isUserInChannel throws NoSuchEntityException for non-existent channel()" classname="il.ac.technion.cs.softwaredesign.CourseAppTest" time="0.002"/>
  <testcase name="try to kick illegal user()" classname="il.ac.technion.cs.softwaredesign.CourseAppTest" time="0.001"/>
  <testcase name="trying to login with wrong pass()" classname="il.ac.technion.cs.softwaredesign.CourseAppTest" time="0.001"/>
  <testcase name="operator kick himself from the channel, and he was the last one()" classname="il.ac.technion.cs.softwaredesign.CourseAppTest" time="0.001"/>
  <testcase name="try to make operator with illegal token(operator of other channel)()" classname="il.ac.technion.cs.softwaredesign.CourseAppTest" time="0.001"/>
  <testcase name="last user(regular) leaves the channel()" classname="il.ac.technion.cs.softwaredesign.CourseAppTest" time="0.001"/>
  <testcase name="get number of total users in channel by user in the channel()" classname="il.ac.technion.cs.softwaredesign.CourseAppTest" time="0.0"/>
  <testcase name="invalid token(not of admin) tries to create new channel()" classname="il.ac.technion.cs.softwaredesign.CourseAppTest" time="0.001"/>
  <testcase name="make operator of user that is a member of the channel, but is logged out()" classname="il.ac.technion.cs.softwaredesign.CourseAppTest" time="0.001"/>
  <testcase name="trying to leave channel with token that is not member of the channel()" classname="il.ac.technion.cs.softwaredesign.CourseAppTest" time="0.001"/>
  <testcase name="try to make operator with illegal token - is admin but not operator()" classname="il.ac.technion.cs.softwaredesign.CourseAppTest" time="0.001"/>
  <testcase name="after login, a user is logged in()" classname="il.ac.technion.cs.softwaredesign.CourseAppTest" time="0.003"/>
  <testcase name="system is persistent after reboot()" classname="il.ac.technion.cs.softwaredesign.CourseAppTest" time="0.003"/>
  <system-out><![CDATA[]]></system-out>
  <system-err><![CDATA[]]></system-err>
</testsuite>
