<?xml version="1.0" encoding="UTF-8"?>
<testsuite name="il.ac.technion.cs.softwaredesign.CourseAppStatisticsTest" tests="6" skipped="0" failures="0" errors="0" timestamp="2019-05-25T10:25:54" hostname="Alexs-MacBook-Pro.local" time="0.144">
  <properties/>
  <testcase name="valid number of totalUsers()" classname="il.ac.technion.cs.softwaredesign.CourseAppStatisticsTest" time="0.007"/>
  <testcase name="empty CourseApp()" classname="il.ac.technion.cs.softwaredesign.CourseAppStatisticsTest" time="0.006"/>
  <testcase name="get top 10 users - basic 1()" classname="il.ac.technion.cs.softwaredesign.CourseAppStatisticsTest" time="0.012"/>
  <testcase name="get top 10 users - basic 2()" classname="il.ac.technion.cs.softwaredesign.CourseAppStatisticsTest" time="0.101"/>
  <testcase name="valid number of loggedUsers()" classname="il.ac.technion.cs.softwaredesign.CourseAppStatisticsTest" time="0.008"/>
  <testcase name="valid number of totalUsers after logout()" classname="il.ac.technion.cs.softwaredesign.CourseAppStatisticsTest" time="0.006"/>
  <system-out><![CDATA[]]></system-out>
  <system-err><![CDATA[]]></system-err>
</testsuite>
