<?xml version="1.0" encoding="UTF-8"?>
<testsuite name="il.ac.technion.cs.softwaredesign.tests.CourseBotTests" tests="35" skipped="0" failures="0" errors="0" timestamp="2019-06-29T16:02:51" hostname="DESKTOP-C0DN9PE" time="27.569">
  <properties/>
  <testcase name="bot joins few channels and returns all channels in order of joining()" classname="il.ac.technion.cs.softwaredesign.tests.CourseBotTests" time="0.251"/>
  <testcase name="bot joins a channel once, then leave it have empty list of channels()" classname="il.ac.technion.cs.softwaredesign.tests.CourseBotTests" time="0.191"/>
  <testcase name="bot joins a channel once, then leave it twice throws exception()" classname="il.ac.technion.cs.softwaredesign.tests.CourseBotTests" time="0.167"/>
  <testcase name="mostActiveUser returns most active user when user is in 2 channels()" classname="il.ac.technion.cs.softwaredesign.tests.CourseBotTests" time="1.759"/>
  <testcase name="runSurvey on a channel bot is not a member of()" classname="il.ac.technion.cs.softwaredesign.tests.CourseBotTests" time="0.107"/>
  <testcase name="Can create a bot and add make it join channels()" classname="il.ac.technion.cs.softwaredesign.tests.CourseBotTests" time="0.138"/>
  <testcase name="Can list bots in a channel, bot names are sorted by creation time()" classname="il.ac.technion.cs.softwaredesign.tests.CourseBotTests" time="0.436"/>
  <testcase name="The bot accurately tracks keywords - activate count with channel equals null()" classname="il.ac.technion.cs.softwaredesign.tests.CourseBotTests" time="0.32"/>
  <testcase name="surveyResults on a bad identifier throws exception()" classname="il.ac.technion.cs.softwaredesign.tests.CourseBotTests" time="0.156"/>
  <testcase name="Can list bots in all system, bot names are sorted by creation time()" classname="il.ac.technion.cs.softwaredesign.tests.CourseBotTests" time="0.431"/>
  <testcase name="Can list bots in a channel, default name checked()" classname="il.ac.technion.cs.softwaredesign.tests.CourseBotTests" time="0.425"/>
  <testcase name="bot tracks messages in 2 channels, 1 message in first channel()" classname="il.ac.technion.cs.softwaredesign.tests.CourseBotTests" time="0.576"/>
  <testcase name="bot joins few channels and returns all channels after creating another bot with the same name()" classname="il.ac.technion.cs.softwaredesign.tests.CourseBotTests" time="0.208"/>
  <testcase name="A user in the channel can ask the bot to do calculation()" classname="il.ac.technion.cs.softwaredesign.tests.CourseBotTests" time="0.281"/>
  <testcase name="bot joins a channel twice, affects as joining once()" classname="il.ac.technion.cs.softwaredesign.tests.CourseBotTests" time="0.223"/>
  <testcase name="bot tracks messages in 2 channels, each channel got a matching message()" classname="il.ac.technion.cs.softwaredesign.tests.CourseBotTests" time="0.698"/>
  <testcase name="A user in the channel can ask the bot to do a survey, change all votes successfully()" classname="il.ac.technion.cs.softwaredesign.tests.CourseBotTests" time="1.081"/>
  <testcase name="Can list bots in all system, bots have not default names, bots in different channels maintain correct order()" classname="il.ac.technion.cs.softwaredesign.tests.CourseBotTests" time="0.434"/>
  <testcase name="A user in the channel set trigger and gets old trigger after previously set()" classname="il.ac.technion.cs.softwaredesign.tests.CourseBotTests" time="0.106"/>
  <testcase name="A user in the channel set trigger and gets old trigger null when first activated()" classname="il.ac.technion.cs.softwaredesign.tests.CourseBotTests" time="0.103"/>
  <testcase name="Can list bots in all system, bots in different channels maintain correct order()" classname="il.ac.technion.cs.softwaredesign.tests.CourseBotTests" time="0.429"/>
  <testcase name="A user in the channel can ask the bot to do a survey, change vote successfully()" classname="il.ac.technion.cs.softwaredesign.tests.CourseBotTests" time="0.84"/>
  <testcase name="seenTime returns null if a message by user was never seen and checks simple time ordering()" classname="il.ac.technion.cs.softwaredesign.tests.CourseBotTests" time="0.676"/>
  <testcase name="bot ignores messages that are not matching by regular expression()" classname="il.ac.technion.cs.softwaredesign.tests.CourseBotTests" time="0.238"/>
  <testcase name="The bot accurately tracks keywords - activate count with channel ()" classname="il.ac.technion.cs.softwaredesign.tests.CourseBotTests" time="0.28"/>
  <testcase name="doing nothing here()" classname="il.ac.technion.cs.softwaredesign.tests.CourseBotTests" time="0.001"/>
  <testcase name="2 bots track a message from the same channel()" classname="il.ac.technion.cs.softwaredesign.tests.CourseBotTests" time="0.537"/>
  <testcase name="mostActiveUser activated with a channel that bot is not a member of, throws exception()" classname="il.ac.technion.cs.softwaredesign.tests.CourseBotTests" time="0.104"/>
  <testcase name="Can list bot in a channel, default name checked()" classname="il.ac.technion.cs.softwaredesign.tests.CourseBotTests" time="0.138"/>
  <testcase name="bot tracks messages in 2 channels, 1 message in second channel()" classname="il.ac.technion.cs.softwaredesign.tests.CourseBotTests" time="0.578"/>
  <testcase name="A user in the channel can tip another user()" classname="il.ac.technion.cs.softwaredesign.tests.CourseBotTests" time="0.5"/>
  <testcase name="beginCount gets null regex and null mediaType()" classname="il.ac.technion.cs.softwaredesign.tests.CourseBotTests" time="0.102"/>
  <testcase name="richestUser activated on a bad channel - bot is not in channel should throw exception()" classname="il.ac.technion.cs.softwaredesign.tests.CourseBotTests" time="0.386"/>
  <testcase name="A user in the channel can ask the bot to do a survey()" classname="il.ac.technion.cs.softwaredesign.tests.CourseBotTests" time="0.752"/>
  <testcase name="mostActiveUser activated with a channel that was not used for messaging, bot is a member, returns null()" classname="il.ac.technion.cs.softwaredesign.tests.CourseBotTests" time="0.12"/>
  <system-out><![CDATA[]]></system-out>
  <system-err><![CDATA[]]></system-err>
</testsuite>
