<?xml version="1.0" encoding="UTF-8"?>
<testsuite name="il.ac.technion.cs.softwaredesign.tests.RemoteNodeTest" tests="6" skipped="0" failures="0" errors="0" timestamp="2019-06-03T14:01:35" hostname="alexs-mbp.cs.technion.ac.il" time="0.018">
  <properties/>
  <testcase name="reset node()" classname="il.ac.technion.cs.softwaredesign.tests.RemoteNodeTest" time="0.013"/>
  <testcase name="set parent()" classname="il.ac.technion.cs.softwaredesign.tests.RemoteNodeTest" time="0.001"/>
  <testcase name="insert node - basic 1()" classname="il.ac.technion.cs.softwaredesign.tests.RemoteNodeTest" time="0.001"/>
  <testcase name="set right son()" classname="il.ac.technion.cs.softwaredesign.tests.RemoteNodeTest" time="0.001"/>
  <testcase name="set left son()" classname="il.ac.technion.cs.softwaredesign.tests.RemoteNodeTest" time="0.001"/>
  <testcase name="set balance()" classname="il.ac.technion.cs.softwaredesign.tests.RemoteNodeTest" time="0.0"/>
  <system-out><![CDATA[]]></system-out>
  <system-err><![CDATA[]]></system-err>
</testsuite>
