<?xml version="1.0" encoding="UTF-8"?>
<testsuite name="il.ac.technion.cs.softwaredesign.tests.RemoteAvlTreeTest" tests="7" skipped="0" failures="0" errors="0" timestamp="2019-06-03T14:01:35" hostname="alexs-mbp.cs.technion.ac.il" time="0.054">
  <properties/>
  <testcase name="insert 100 elements()" classname="il.ac.technion.cs.softwaredesign.tests.RemoteAvlTreeTest" time="0.038"/>
  <testcase name="insert - basic 1()" classname="il.ac.technion.cs.softwaredesign.tests.RemoteAvlTreeTest" time="0.005"/>
  <testcase name="insert - basic 2()" classname="il.ac.technion.cs.softwaredesign.tests.RemoteAvlTreeTest" time="0.001"/>
  <testcase name="insert 10 elements and remove part of them()" classname="il.ac.technion.cs.softwaredesign.tests.RemoteAvlTreeTest" time="0.002"/>
  <testcase name="insert 20 elements()" classname="il.ac.technion.cs.softwaredesign.tests.RemoteAvlTreeTest" time="0.002"/>
  <testcase name="insert 6 elements and remove part of them()" classname="il.ac.technion.cs.softwaredesign.tests.RemoteAvlTreeTest" time="0.001"/>
  <testcase name="insert and delete - basic 1()" classname="il.ac.technion.cs.softwaredesign.tests.RemoteAvlTreeTest" time="0.001"/>
  <system-out><![CDATA[]]></system-out>
  <system-err><![CDATA[]]></system-err>
</testsuite>
