<?xml version="1.0" encoding="UTF-8"?>
<testsuite name="il.ac.technion.cs.softwaredesign.tests.CourseAppStaffTest" tests="2" skipped="0" failures="0" errors="0" timestamp="2019-04-28T05:59:21" hostname="alexs-MacBook-Pro-2.local" time="2.93">
  <properties/>
  <testcase name="an authentication token is invalidated after logout()" classname="il.ac.technion.cs.softwaredesign.tests.CourseAppStaffTest" time="1.199"/>
  <testcase name="after login, a user is logged in()" classname="il.ac.technion.cs.softwaredesign.tests.CourseAppStaffTest" time="1.55"/>
  <system-out><![CDATA[]]></system-out>
  <system-err><![CDATA[]]></system-err>
</testsuite>
