<?xml version="1.0" encoding="UTF-8"?>
<testsuite name="il.ac.technion.cs.softwaredesign.tests.CourseAppStaffTest" tests="12" skipped="0" failures="0" errors="0" timestamp="2019-04-30T08:28:57" hostname="alexs-mbp-2.cs.technion.ac.il" time="0.198">
  <properties/>
  <testcase name="an authentication token is invalidated after logout()" classname="il.ac.technion.cs.softwaredesign.tests.CourseAppStaffTest" time="0.05"/>
  <testcase name="log in user twice should throw exception()" classname="il.ac.technion.cs.softwaredesign.tests.CourseAppStaffTest" time="0.008"/>
  <testcase name="user never been in the system isUserLoggedIn returns null()" classname="il.ac.technion.cs.softwaredesign.tests.CourseAppStaffTest" time="0.007"/>
  <testcase name="an authentication token is invalidated after logout, stays that way after reboot()" classname="il.ac.technion.cs.softwaredesign.tests.CourseAppStaffTest" time="0.01"/>
  <testcase name="registered user log in with another logged in user s password should throw exception()" classname="il.ac.technion.cs.softwaredesign.tests.CourseAppStaffTest" time="0.011"/>
  <testcase name="log out a none exist user ()" classname="il.ac.technion.cs.softwaredesign.tests.CourseAppStaffTest" time="0.014"/>
  <testcase name="registered user log in with another registered not logged in user s password should throw exception()" classname="il.ac.technion.cs.softwaredesign.tests.CourseAppStaffTest" time="0.013"/>
  <testcase name="registered user log in with wrong password should throw exception()" classname="il.ac.technion.cs.softwaredesign.tests.CourseAppStaffTest" time="0.011"/>
  <testcase name="user log in then log out isUserLoggedIn returns False()" classname="il.ac.technion.cs.softwaredesign.tests.CourseAppStaffTest" time="0.016"/>
  <testcase name="log in user twice and other users log in between should throw exception()" classname="il.ac.technion.cs.softwaredesign.tests.CourseAppStaffTest" time="0.008"/>
  <testcase name="user stays logged in after reboot, assumes his token stays active()" classname="il.ac.technion.cs.softwaredesign.tests.CourseAppStaffTest" time="0.006"/>
  <testcase name="after login, a user is logged in()" classname="il.ac.technion.cs.softwaredesign.tests.CourseAppStaffTest" time="0.011"/>
  <system-out><![CDATA[]]></system-out>
  <system-err><![CDATA[]]></system-err>
</testsuite>
